<?xml version="1.0" encoding="UTF-8"?>
<!-- Generated by org.testng.reporters.JUnitReportReporter -->
<testsuite skipped="0" hostname="LAPTOP-1BCJRB17" name="testNGExamples.TestNgVerifyTitle" tests="1" failures="0" timestamp="18 Sep 2019 03:43:52 GMT" time="0.013" errors="0">
  <testcase name="titleVerification" time="0.013" classname="testNGExamples.TestNgVerifyTitle"/>
</testsuite> <!-- testNGExamples.TestNgVerifyTitle -->
