<?xml version="1.0" encoding="UTF-8"?>
<!-- Generated by org.testng.reporters.JUnitReportReporter -->
<testsuite skipped="0" hostname="LAPTOP-1BCJRB17" name="demo.SeleniumPractice.Module6Priority" tests="8" failures="0" timestamp="01 Oct 2019 02:10:03 GMT" time="139.946" errors="0">
  <testcase name="openBrowserApplication" time="23.364" classname="demo.SeleniumPractice.Module6Priority"/>
  <testcase name="applicationLogin" time="7.588" classname="demo.SeleniumPractice.Module6Priority"/>
  <testcase name="coursesAll" time="32.303" classname="demo.SeleniumPractice.Module6Priority"/>
  <testcase name="enrollDevOps" time="19.440" classname="demo.SeleniumPractice.Module6Priority"/>
  <testcase name="hadoopData" time="16.725" classname="demo.SeleniumPractice.Module6Priority"/>
  <testcase name="homePage" time="23.617" classname="demo.SeleniumPractice.Module6Priority"/>
  <testcase name="applicationSignUp" time="12.772" classname="demo.SeleniumPractice.Module6Priority"/>
  <testcase name="clseApplication" time="4.137" classname="demo.SeleniumPractice.Module6Priority"/>
</testsuite> <!-- demo.SeleniumPractice.Module6Priority -->
