<?xml version="1.0" encoding="UTF-8"?>
<!-- Generated by org.testng.reporters.JUnitReportReporter -->
<testsuite skipped="0" hostname="LAPTOP-1BCJRB17" name="com.Edurekademo.CertificationTest.ApplicationLaunch" tests="1" failures="0" timestamp="02 Oct 2019 11:28:11 GMT" time="53.700" errors="0">
  <testcase name="applicaitonTestFunctionality" time="53.700" classname="com.Edurekademo.CertificationTest.ApplicationLaunch"/>
</testsuite> <!-- com.Edurekademo.CertificationTest.ApplicationLaunch -->
