<?xml version="1.0" encoding="UTF-8"?>
<!-- Generated by org.testng.reporters.JUnitReportReporter -->
<testsuite skipped="0" hostname="LAPTOP-1BCJRB17" name="com.Edurekademo.CertificationTest.ApplicationBlogModule9" tests="1" failures="0" timestamp="30 Sep 2019 08:15:29 GMT" time="122.316" errors="0">
  <testcase name="applicaitonTestFunctionality" time="122.316" classname="com.Edurekademo.CertificationTest.ApplicationBlogModule9"/>
</testsuite> <!-- com.Edurekademo.CertificationTest.ApplicationBlogModule9 -->
