<?xml version="1.0" encoding="UTF-8"?>
<!-- Generated by org.testng.reporters.JUnitReportReporter -->
<testsuite skipped="0" hostname="LAPTOP-1BCJRB17" name="com.Edurekademo.CertificationTest.ApplicationReadWriteExample" tests="1" failures="0" timestamp="03 Oct 2019 05:18:49 GMT" time="291.649" errors="0">
  <testcase name="applicaitonTestFunctionality" time="291.649" classname="com.Edurekademo.CertificationTest.ApplicationReadWriteExample"/>
</testsuite> <!-- com.Edurekademo.CertificationTest.ApplicationReadWriteExample -->
